<?xml version="1.0" encoding="UTF-8"?>
<!-- Generated by org.testng.reporters.JUnitReportReporter -->
<testsuite hostname="HI" failures="0" tests="1" name="Configuration.Cam" time="36.989" errors="0" timestamp="2023-04-03T20:03:22 IST" skipped="0">
  <testcase classname="Configuration.Cam" name="startConfiguring" time="36.989"/>
  <system-out/>
</testsuite> <!-- Configuration.Cam -->
