<?xml version="1.0" encoding="UTF-8"?>
<!-- Generated by org.testng.reporters.JUnitReportReporter -->
<testsuite hostname="HI" failures="0" tests="1" name="Configuration.Cam" time="48.102" errors="0" timestamp="2023-04-04T16:18:50 IST" skipped="0">
  <testcase classname="Configuration.Cam" name="startConfiguring" time="48.102"/>
  <system-out/>
</testsuite> <!-- Configuration.Cam -->
